<?xml version="1.0" encoding="UTF-8"?>
<!-- Generated by org.testng.reporters.JUnitReportReporter -->
<testsuite hostname="MSI" failures="0" tests="3" name="com.crm.qa.testcases.LoginPageTest" time="8.169" errors="0" timestamp="02 Aug 2022 15:52:22 GMT" skipped="0">
  <testcase classname="com.crm.qa.testcases.LoginPageTest" name="titleTest" time="2.517"/>
  <testcase classname="com.crm.qa.testcases.LoginPageTest" name="fbLogoTest" time="2.923"/>
  <testcase classname="com.crm.qa.testcases.LoginPageTest" name="LoginTest" time="2.729"/>
</testsuite> <!-- com.crm.qa.testcases.LoginPageTest -->
