<?xml version="1.0" encoding="UTF-8"?>
<!-- Generated by org.testng.reporters.JUnitReportReporter -->
<testsuite hostname="MSI" failures="0" tests="3" name="com.crm.qa.util.LoginPageTest" time="11.409" errors="0" timestamp="31 Jul 2022 05:54:47 GMT" skipped="0">
  <testcase classname="com.crm.qa.util.LoginPageTest" name="titleTest" time="3.966"/>
  <testcase classname="com.crm.qa.util.LoginPageTest" name="fbLogoTest" time="3.715"/>
  <testcase classname="com.crm.qa.util.LoginPageTest" name="LoginTest" time="3.728"/>
</testsuite> <!-- com.crm.qa.util.LoginPageTest -->
