<?xml version="1.0" encoding="UTF-8"?>
<!-- Generated by org.testng.reporters.JUnitReportReporter -->
<testsuite hostname="MSI" failures="0" tests="1" name="com.crm.qa.testcases.HomePageTest" time="8.239" errors="0" timestamp="02 Aug 2022 16:15:42 GMT" skipped="0">
  <testcase classname="com.crm.qa.testcases.HomePageTest" name="contactTextTest" time="8.239"/>
</testsuite> <!-- com.crm.qa.testcases.HomePageTest -->
