<?xml version="1.0" encoding="UTF-8"?>
<!-- Generated by org.testng.reporters.JUnitReportReporter -->
<testsuite hostname="MSI" failures="0" tests="1" name="com.crm.qa.testcases.SignupPageTest" time="4.152" errors="0" timestamp="01 Aug 2022 21:13:23 GMT" skipped="0">
  <testcase classname="com.crm.qa.testcases.SignupPageTest" name="signUpTest" time="4.152"/>
</testsuite> <!-- com.crm.qa.testcases.SignupPageTest -->
