<?xml version="1.0" encoding="UTF-8"?>
<!-- Generated by org.testng.reporters.JUnitReportReporter -->
<testsuite hostname="MSI" failures="0" tests="1" name="com.crm.qa.testcases.SignupPageTest" time="3.441" errors="0" timestamp="02 Aug 2022 17:53:16 GMT" skipped="0">
  <testcase classname="com.crm.qa.testcases.SignupPageTest" name="signUpTest" time="3.441"/>
</testsuite> <!-- com.crm.qa.testcases.SignupPageTest -->
