<?xml version="1.0" encoding="UTF-8"?>
<!-- Generated by org.testng.reporters.JUnitReportReporter -->
<testsuite hostname="MSI" failures="0" tests="1" name="com.crm.qa.testcases.HomePageTest" time="7.401" errors="0" timestamp="02 Aug 2022 16:54:29 GMT" skipped="0">
  <testcase classname="com.crm.qa.testcases.HomePageTest" name="homepageTitleTest" time="7.401"/>
</testsuite> <!-- com.crm.qa.testcases.HomePageTest -->
