<?xml version="1.0" encoding="UTF-8"?>
<!-- Generated by org.testng.reporters.JUnitReportReporter -->
<testsuite hostname="MSI" failures="0" tests="3" name="com.crm.qa.testcases.LoginPageTest" time="5.112" errors="0" timestamp="02 Aug 2022 18:06:11 GMT" skipped="0">
  <testcase classname="com.crm.qa.testcases.LoginPageTest" name="titleTest" time="1.673"/>
  <testcase classname="com.crm.qa.testcases.LoginPageTest" name="fbLogoTest" time="1.686"/>
  <testcase classname="com.crm.qa.testcases.LoginPageTest" name="LoginTest" time="1.753"/>
</testsuite> <!-- com.crm.qa.testcases.LoginPageTest -->
