<?xml version="1.0" encoding="UTF-8"?>
<!-- Generated by org.testng.reporters.JUnitReportReporter -->
<testsuite hostname="MSI" failures="0" tests="3" name="com.crm.qa.testcases.HomePageTest" time="19.794" errors="0" timestamp="02 Aug 2022 18:06:11 GMT" skipped="0">
  <testcase classname="com.crm.qa.testcases.HomePageTest" name="homepageTitleTest" time="6.850"/>
  <testcase classname="com.crm.qa.testcases.HomePageTest" name="verifyUserNameTest" time="5.414"/>
  <testcase classname="com.crm.qa.testcases.HomePageTest" name="contactTextTest" time="7.530"/>
</testsuite> <!-- com.crm.qa.testcases.HomePageTest -->
